21:57:35.633 [main] INFO  com.zaxxer.hikari.HikariDataSource - OracleTPCHEnginePool - Starting...
22:00:08.422 [main] INFO  com.zaxxer.hikari.HikariDataSource - OracleTPCHEnginePool - Starting...
22:00:09.421 [main] INFO  com.zaxxer.hikari.pool.HikariPool - OracleTPCHEnginePool - Added connection oracle.jdbc.driver.T4CConnection@6ee4d9ab
22:00:09.425 [main] INFO  com.zaxxer.hikari.HikariDataSource - OracleTPCHEnginePool - Start completed.
22:00:19.530 [main] INFO  com.zaxxer.hikari.HikariDataSource - OracleTPCHEnginePool - Starting...
22:00:20.617 [main] INFO  com.zaxxer.hikari.pool.HikariPool - OracleTPCHEnginePool - Added connection oracle.jdbc.driver.T4CConnection@6ee4d9ab
22:00:20.620 [main] INFO  com.zaxxer.hikari.HikariDataSource - OracleTPCHEnginePool - Start completed.
22:01:38.557 [main] INFO  com.zaxxer.hikari.HikariDataSource - OracleTPCHEnginePool - Starting...
22:01:39.277 [main] INFO  com.zaxxer.hikari.pool.HikariPool - OracleTPCHEnginePool - Added connection oracle.jdbc.driver.T4CConnection@ba54932
22:01:39.281 [main] INFO  com.zaxxer.hikari.HikariDataSource - OracleTPCHEnginePool - Start completed.
22:04:43.112 [main] INFO  com.zaxxer.hikari.HikariDataSource - OracleTPCHEnginePool - Starting...
22:04:44.204 [main] INFO  com.zaxxer.hikari.pool.HikariPool - OracleTPCHEnginePool - Added connection oracle.jdbc.driver.T4CConnection@6ee4d9ab
22:04:44.207 [main] INFO  com.zaxxer.hikari.HikariDataSource - OracleTPCHEnginePool - Start completed.
22:05:00.605 [main] INFO  org.example.adaptive.engine.AdaptiveQueryEngine - Model trained on 20 observations
22:05:01.647 [main] INFO  org.example.adaptive.engine.AdaptiveQueryEngine - Model trained on 21 observations
22:05:02.358 [main] INFO  org.example.adaptive.engine.AdaptiveQueryEngine - Model trained on 22 observations
22:05:02.922 [main] INFO  org.example.adaptive.engine.AdaptiveQueryEngine - Model trained on 23 observations
22:05:03.465 [main] INFO  org.example.adaptive.engine.AdaptiveQueryEngine - Model trained on 24 observations
22:05:04.011 [main] INFO  org.example.adaptive.engine.AdaptiveQueryEngine - Model trained on 25 observations
22:05:04.510 [main] INFO  org.example.adaptive.engine.AdaptiveQueryEngine - Model trained on 26 observations
22:05:05.062 [main] INFO  org.example.adaptive.engine.AdaptiveQueryEngine - Model trained on 27 observations
22:05:05.572 [main] INFO  org.example.adaptive.engine.AdaptiveQueryEngine - Model trained on 28 observations
22:05:06.078 [main] INFO  org.example.adaptive.engine.AdaptiveQueryEngine - Model trained on 29 observations
22:05:06.536 [main] INFO  org.example.adaptive.engine.AdaptiveQueryEngine - Model trained on 30 observations
22:05:06.943 [main] INFO  org.example.adaptive.engine.AdaptiveQueryEngine - Model trained on 31 observations
22:05:07.194 [main] INFO  org.example.adaptive.engine.AdaptiveQueryEngine - Model trained on 32 observations
22:05:07.630 [main] INFO  org.example.adaptive.engine.AdaptiveQueryEngine - Model trained on 33 observations
22:05:09.402 [main] INFO  org.example.adaptive.engine.AdaptiveQueryEngine - Model trained on 34 observations
22:05:10.113 [main] INFO  org.example.adaptive.engine.AdaptiveQueryEngine - Model trained on 35 observations
22:05:10.664 [main] INFO  org.example.adaptive.engine.AdaptiveQueryEngine - Model trained on 36 observations
22:05:11.156 [main] INFO  org.example.adaptive.engine.AdaptiveQueryEngine - Model trained on 37 observations
22:05:11.517 [main] INFO  org.example.adaptive.engine.AdaptiveQueryEngine - Model trained on 38 observations
22:05:11.922 [main] INFO  org.example.adaptive.engine.AdaptiveQueryEngine - Model trained on 39 observations
22:05:12.253 [main] INFO  org.example.adaptive.engine.AdaptiveQueryEngine - Model trained on 40 observations
22:05:12.615 [main] INFO  org.example.adaptive.engine.AdaptiveQueryEngine - Model trained on 41 observations
22:05:12.960 [main] INFO  org.example.adaptive.engine.AdaptiveQueryEngine - Model trained on 42 observations
22:05:13.327 [main] INFO  org.example.adaptive.engine.AdaptiveQueryEngine - Model trained on 43 observations
22:05:13.678 [main] INFO  org.example.adaptive.engine.AdaptiveQueryEngine - Model trained on 44 observations
22:05:14.008 [main] INFO  org.example.adaptive.engine.AdaptiveQueryEngine - Model trained on 45 observations
22:05:14.341 [main] INFO  org.example.adaptive.engine.AdaptiveQueryEngine - Model trained on 46 observations
22:05:14.671 [main] INFO  org.example.adaptive.engine.AdaptiveQueryEngine - Model trained on 47 observations
22:05:14.995 [main] INFO  org.example.adaptive.engine.AdaptiveQueryEngine - Model trained on 48 observations
22:05:15.301 [main] INFO  org.example.adaptive.engine.AdaptiveQueryEngine - Model trained on 49 observations
22:05:15.603 [main] INFO  org.example.adaptive.engine.AdaptiveQueryEngine - Model trained on 50 observations
22:05:15.917 [main] INFO  org.example.adaptive.engine.AdaptiveQueryEngine - Model trained on 51 observations
22:05:16.233 [main] INFO  org.example.adaptive.engine.AdaptiveQueryEngine - Model trained on 52 observations
22:05:16.540 [main] INFO  org.example.adaptive.engine.AdaptiveQueryEngine - Model trained on 53 observations
22:05:22.547 [main] INFO  org.example.adaptive.engine.AdaptiveQueryEngine - Model trained on 54 observations
22:08:38.027 [OracleTPCHEnginePool housekeeper] WARN  com.zaxxer.hikari.pool.HikariPool - OracleTPCHEnginePool - Thread starvation or clock leap detected (housekeeper delta=3m23s691ms752µs600ns).
22:08:38.034 [main] INFO  org.example.adaptive.engine.AdaptiveQueryEngine - Model trained on 55 observations
22:27:01.261 [main] INFO  com.zaxxer.hikari.HikariDataSource - OracleTPCHEnginePool - Starting...
22:27:02.267 [main] INFO  com.zaxxer.hikari.pool.HikariPool - OracleTPCHEnginePool - Added connection oracle.jdbc.driver.T4CConnection@1807e3f6
22:27:02.269 [main] INFO  com.zaxxer.hikari.HikariDataSource - OracleTPCHEnginePool - Start completed.
22:28:30.000 [main] INFO  com.zaxxer.hikari.HikariDataSource - OracleTPCHEnginePool - Starting...
22:28:30.872 [main] INFO  com.zaxxer.hikari.pool.HikariPool - OracleTPCHEnginePool - Added connection oracle.jdbc.driver.T4CConnection@1807e3f6
22:28:30.876 [main] INFO  com.zaxxer.hikari.HikariDataSource - OracleTPCHEnginePool - Start completed.
22:29:30.623 [main] INFO  com.zaxxer.hikari.HikariDataSource - OracleTPCHEnginePool - Starting...
22:29:31.481 [main] INFO  com.zaxxer.hikari.pool.HikariPool - OracleTPCHEnginePool - Added connection oracle.jdbc.driver.T4CConnection@1807e3f6
22:29:31.481 [main] INFO  com.zaxxer.hikari.HikariDataSource - OracleTPCHEnginePool - Start completed.
22:32:49.533 [main] INFO  com.zaxxer.hikari.HikariDataSource - OracleTPCHEnginePool - Starting...
22:32:50.413 [main] INFO  com.zaxxer.hikari.pool.HikariPool - OracleTPCHEnginePool - Added connection oracle.jdbc.driver.T4CConnection@1807e3f6
22:32:50.415 [main] INFO  com.zaxxer.hikari.HikariDataSource - OracleTPCHEnginePool - Start completed.
22:33:35.267 [main] INFO  com.zaxxer.hikari.HikariDataSource - OracleTPCHEnginePool - Starting...
22:33:36.171 [main] INFO  com.zaxxer.hikari.pool.HikariPool - OracleTPCHEnginePool - Added connection oracle.jdbc.driver.T4CConnection@1807e3f6
22:33:36.174 [main] INFO  com.zaxxer.hikari.HikariDataSource - OracleTPCHEnginePool - Start completed.
22:34:20.161 [main] INFO  com.zaxxer.hikari.HikariDataSource - OracleTPCHEnginePool - Starting...
22:34:20.967 [main] INFO  com.zaxxer.hikari.pool.HikariPool - OracleTPCHEnginePool - Added connection oracle.jdbc.driver.T4CConnection@1807e3f6
22:34:20.969 [main] INFO  com.zaxxer.hikari.HikariDataSource - OracleTPCHEnginePool - Start completed.
22:34:30.969 [main] INFO  org.example.adaptive.engine.AdaptiveQueryEngine - Model trained on 5 observations
22:37:06.464 [main] INFO  com.zaxxer.hikari.HikariDataSource - OracleTPCHEnginePool - Starting...
22:37:07.337 [main] INFO  com.zaxxer.hikari.pool.HikariPool - OracleTPCHEnginePool - Added connection oracle.jdbc.driver.T4CConnection@1807e3f6
22:37:07.339 [main] INFO  com.zaxxer.hikari.HikariDataSource - OracleTPCHEnginePool - Start completed.
22:37:17.140 [main] INFO  org.example.adaptive.engine.AdaptiveQueryEngine - Model trained on 5 observations
22:43:05.243 [main] INFO  com.zaxxer.hikari.HikariDataSource - OracleTPCHEnginePool - Starting...
22:43:06.106 [main] INFO  com.zaxxer.hikari.pool.HikariPool - OracleTPCHEnginePool - Added connection oracle.jdbc.driver.T4CConnection@1807e3f6
22:43:06.109 [main] INFO  com.zaxxer.hikari.HikariDataSource - OracleTPCHEnginePool - Start completed.
22:43:15.911 [main] INFO  org.example.adaptive.engine.AdaptiveQueryEngine - Model trained on 5 observations
22:43:18.015 [main] INFO  org.example.adaptive.engine.AdaptiveQueryEngine - Model trained on 6 observations
22:43:19.888 [main] INFO  org.example.adaptive.engine.AdaptiveQueryEngine - Model trained on 7 observations
22:43:21.787 [main] INFO  org.example.adaptive.engine.AdaptiveQueryEngine - Model trained on 8 observations
22:43:23.638 [main] INFO  org.example.adaptive.engine.AdaptiveQueryEngine - Model trained on 9 observations
22:43:25.495 [main] INFO  org.example.adaptive.engine.AdaptiveQueryEngine - Model trained on 10 observations
22:43:27.399 [main] INFO  org.example.adaptive.engine.AdaptiveQueryEngine - Model trained on 11 observations
22:43:28.067 [main] INFO  org.example.adaptive.engine.AdaptiveQueryEngine - Model trained on 12 observations
22:43:28.235 [main] INFO  org.example.adaptive.engine.AdaptiveQueryEngine - Model trained on 13 observations
22:43:28.391 [main] INFO  org.example.adaptive.engine.AdaptiveQueryEngine - Model trained on 14 observations
22:43:28.547 [main] INFO  org.example.adaptive.engine.AdaptiveQueryEngine - Model trained on 15 observations
22:43:28.697 [main] INFO  org.example.adaptive.engine.AdaptiveQueryEngine - Model trained on 16 observations
22:43:28.885 [main] INFO  org.example.adaptive.engine.AdaptiveQueryEngine - Model trained on 17 observations
22:43:29.034 [main] INFO  org.example.adaptive.engine.AdaptiveQueryEngine - Model trained on 18 observations
22:43:29.190 [main] INFO  org.example.adaptive.engine.AdaptiveQueryEngine - Model trained on 19 observations
22:43:29.334 [main] INFO  org.example.adaptive.engine.AdaptiveQueryEngine - Model trained on 20 observations
22:43:29.479 [main] INFO  org.example.adaptive.engine.AdaptiveQueryEngine - Model trained on 21 observations
22:43:29.620 [main] INFO  org.example.adaptive.engine.AdaptiveQueryEngine - Model trained on 22 observations
22:43:31.772 [main] INFO  org.example.adaptive.engine.AdaptiveQueryEngine - Model trained on 23 observations
22:43:32.893 [main] INFO  org.example.adaptive.engine.AdaptiveQueryEngine - Model trained on 24 observations
22:43:34.116 [main] INFO  org.example.adaptive.engine.AdaptiveQueryEngine - Model trained on 25 observations
22:43:35.255 [main] INFO  org.example.adaptive.engine.AdaptiveQueryEngine - Model trained on 26 observations
22:43:36.316 [main] INFO  org.example.adaptive.engine.AdaptiveQueryEngine - Model trained on 27 observations
22:43:37.372 [main] INFO  org.example.adaptive.engine.AdaptiveQueryEngine - Model trained on 28 observations
22:43:38.459 [main] INFO  org.example.adaptive.engine.AdaptiveQueryEngine - Model trained on 29 observations
22:43:39.542 [main] INFO  org.example.adaptive.engine.AdaptiveQueryEngine - Model trained on 30 observations
22:43:40.611 [main] INFO  org.example.adaptive.engine.AdaptiveQueryEngine - Model trained on 31 observations
22:43:41.675 [main] INFO  org.example.adaptive.engine.AdaptiveQueryEngine - Model trained on 32 observations
22:43:42.739 [main] INFO  org.example.adaptive.engine.AdaptiveQueryEngine - Model trained on 33 observations
22:43:43.391 [main] INFO  org.example.adaptive.engine.AdaptiveQueryEngine - Model trained on 34 observations
22:43:44.056 [main] INFO  org.example.adaptive.engine.AdaptiveQueryEngine - Model trained on 35 observations
22:43:44.719 [main] INFO  org.example.adaptive.engine.AdaptiveQueryEngine - Model trained on 36 observations
22:43:45.346 [main] INFO  org.example.adaptive.engine.AdaptiveQueryEngine - Model trained on 37 observations
22:43:45.979 [main] INFO  org.example.adaptive.engine.AdaptiveQueryEngine - Model trained on 38 observations
22:43:46.609 [main] INFO  org.example.adaptive.engine.AdaptiveQueryEngine - Model trained on 39 observations
22:43:47.280 [main] INFO  org.example.adaptive.engine.AdaptiveQueryEngine - Model trained on 40 observations
22:43:47.917 [main] INFO  org.example.adaptive.engine.AdaptiveQueryEngine - Model trained on 41 observations
22:43:48.603 [main] INFO  org.example.adaptive.engine.AdaptiveQueryEngine - Model trained on 42 observations
22:43:49.289 [main] INFO  org.example.adaptive.engine.AdaptiveQueryEngine - Model trained on 43 observations
22:50:45.747 [main] INFO  com.zaxxer.hikari.HikariDataSource - OracleTPCHEnginePool - Starting...
22:50:46.627 [main] INFO  com.zaxxer.hikari.pool.HikariPool - OracleTPCHEnginePool - Added connection oracle.jdbc.driver.T4CConnection@1807e3f6
22:50:46.629 [main] INFO  com.zaxxer.hikari.HikariDataSource - OracleTPCHEnginePool - Start completed.
22:50:56.462 [main] INFO  org.example.adaptive.engine.AdaptiveQueryEngine - Model trained on 5 observations
22:50:58.330 [main] INFO  org.example.adaptive.engine.AdaptiveQueryEngine - Model trained on 6 observations
22:51:00.225 [main] INFO  org.example.adaptive.engine.AdaptiveQueryEngine - Model trained on 7 observations
22:51:02.058 [main] INFO  org.example.adaptive.engine.AdaptiveQueryEngine - Model trained on 8 observations
22:51:03.905 [main] INFO  org.example.adaptive.engine.AdaptiveQueryEngine - Model trained on 9 observations
22:51:06.668 [main] INFO  org.example.adaptive.engine.AdaptiveQueryEngine - Model trained on 5 observations
22:51:06.828 [main] INFO  org.example.adaptive.engine.AdaptiveQueryEngine - Model trained on 6 observations
22:51:06.976 [main] INFO  org.example.adaptive.engine.AdaptiveQueryEngine - Model trained on 7 observations
22:51:07.132 [main] INFO  org.example.adaptive.engine.AdaptiveQueryEngine - Model trained on 8 observations
22:51:07.271 [main] INFO  org.example.adaptive.engine.AdaptiveQueryEngine - Model trained on 9 observations
22:51:13.349 [main] INFO  org.example.adaptive.engine.AdaptiveQueryEngine - Model trained on 5 observations
22:51:14.432 [main] INFO  org.example.adaptive.engine.AdaptiveQueryEngine - Model trained on 6 observations
22:51:15.502 [main] INFO  org.example.adaptive.engine.AdaptiveQueryEngine - Model trained on 7 observations
22:51:16.661 [main] INFO  org.example.adaptive.engine.AdaptiveQueryEngine - Model trained on 8 observations
22:51:17.789 [main] INFO  org.example.adaptive.engine.AdaptiveQueryEngine - Model trained on 9 observations
22:51:22.253 [main] INFO  org.example.adaptive.engine.AdaptiveQueryEngine - Model trained on 5 observations
22:51:22.889 [main] INFO  org.example.adaptive.engine.AdaptiveQueryEngine - Model trained on 6 observations
22:51:23.525 [main] INFO  org.example.adaptive.engine.AdaptiveQueryEngine - Model trained on 7 observations
22:51:24.163 [main] INFO  org.example.adaptive.engine.AdaptiveQueryEngine - Model trained on 8 observations
22:51:24.815 [main] INFO  org.example.adaptive.engine.AdaptiveQueryEngine - Model trained on 9 observations
22:51:30.205 [main] INFO  org.example.adaptive.engine.AdaptiveQueryEngine - Model trained on 5 observations
22:51:31.076 [main] INFO  org.example.adaptive.engine.AdaptiveQueryEngine - Model trained on 6 observations
22:51:31.945 [main] INFO  org.example.adaptive.engine.AdaptiveQueryEngine - Model trained on 7 observations
22:51:32.802 [main] INFO  org.example.adaptive.engine.AdaptiveQueryEngine - Model trained on 8 observations
22:51:33.681 [main] INFO  org.example.adaptive.engine.AdaptiveQueryEngine - Model trained on 9 observations
22:51:36.965 [main] INFO  org.example.adaptive.engine.AdaptiveQueryEngine - Model trained on 5 observations
22:51:37.501 [main] INFO  org.example.adaptive.engine.AdaptiveQueryEngine - Model trained on 6 observations
22:51:38.002 [main] INFO  org.example.adaptive.engine.AdaptiveQueryEngine - Model trained on 7 observations
22:51:38.486 [main] INFO  org.example.adaptive.engine.AdaptiveQueryEngine - Model trained on 8 observations
22:51:38.993 [main] INFO  org.example.adaptive.engine.AdaptiveQueryEngine - Model trained on 9 observations
22:51:43.426 [main] INFO  org.example.adaptive.engine.AdaptiveQueryEngine - Model trained on 5 observations
22:51:44.198 [main] INFO  org.example.adaptive.engine.AdaptiveQueryEngine - Model trained on 6 observations
22:51:44.964 [main] INFO  org.example.adaptive.engine.AdaptiveQueryEngine - Model trained on 7 observations
22:51:45.762 [main] INFO  org.example.adaptive.engine.AdaptiveQueryEngine - Model trained on 8 observations
22:51:46.588 [main] INFO  org.example.adaptive.engine.AdaptiveQueryEngine - Model trained on 9 observations
22:51:50.905 [main] INFO  org.example.adaptive.engine.AdaptiveQueryEngine - Model trained on 5 observations
22:51:51.594 [main] INFO  org.example.adaptive.engine.AdaptiveQueryEngine - Model trained on 6 observations
22:51:52.283 [main] INFO  org.example.adaptive.engine.AdaptiveQueryEngine - Model trained on 7 observations
22:51:52.974 [main] INFO  org.example.adaptive.engine.AdaptiveQueryEngine - Model trained on 8 observations
22:51:53.660 [main] INFO  org.example.adaptive.engine.AdaptiveQueryEngine - Model trained on 9 observations
22:52:01.262 [main] INFO  org.example.adaptive.engine.AdaptiveQueryEngine - Model trained on 5 observations
22:52:02.544 [main] INFO  org.example.adaptive.engine.AdaptiveQueryEngine - Model trained on 6 observations
22:52:03.905 [main] INFO  org.example.adaptive.engine.AdaptiveQueryEngine - Model trained on 7 observations
22:52:05.310 [main] INFO  org.example.adaptive.engine.AdaptiveQueryEngine - Model trained on 8 observations
22:52:06.550 [main] INFO  org.example.adaptive.engine.AdaptiveQueryEngine - Model trained on 9 observations
22:52:10.942 [main] INFO  org.example.adaptive.engine.AdaptiveQueryEngine - Model trained on 5 observations
22:52:11.558 [main] INFO  org.example.adaptive.engine.AdaptiveQueryEngine - Model trained on 6 observations
22:52:12.174 [main] INFO  org.example.adaptive.engine.AdaptiveQueryEngine - Model trained on 7 observations
22:52:12.778 [main] INFO  org.example.adaptive.engine.AdaptiveQueryEngine - Model trained on 8 observations
22:52:13.390 [main] INFO  org.example.adaptive.engine.AdaptiveQueryEngine - Model trained on 9 observations
